Using pre-set license
Built from '2020.3/staging' branch; Version is '2020.3.48f1 (b805b124c6b7) revision 12060081'; Using compiler version '192528614'; Build Type 'Release'
OS: 'Windows 11  (10.0.22621) 64bit Core' Language: 'en' Physical Memory: 32443 MB
BatchMode: 1, IsHumanControllingUs: 0, StartBugReporterOnCrash: 0, Is64bit: 1, IsPro: 0

COMMAND LINE ARGUMENTS:
C:\Program Files\Unity\Hub\Editor\2020.3.48f1\Editor\Unity.exe
-adb2
-batchMode
-noUpm
-name
AssetImportWorker0
-projectPath
D:/Github/Unity Projects/Dimensional-Defense-/Tower Defense Game
-logFile
Logs/AssetImportWorker0.log
-srvPort
64747
Successfully changed project path to: D:/Github/Unity Projects/Dimensional-Defense-/Tower Defense Game
D:/Github/Unity Projects/Dimensional-Defense-/Tower Defense Game
Using Asset Import Pipeline V2.
Player connection [19576] Host "[IP] 10.28.4.16 [Port] 805524000 [Flags] 2 [Guid] 2610862769 [EditorId] 2610862769 [Version] 1048832 [Id] WindowsEditor(7,DESKTOP-O1MUL3M) [Debug] 1 [PackageName] WindowsEditor [ProjectName] Editor" joined multi-casting on [225.0.0.222:54997]...

Player connection [19576] Host "[IP] 10.28.4.16 [Port] 805524000 [Flags] 2 [Guid] 2610862769 [EditorId] 2610862769 [Version] 1048832 [Id] WindowsEditor(7,DESKTOP-O1MUL3M) [Debug] 1 [PackageName] WindowsEditor [ProjectName] Editor" joined alternative multi-casting on [225.0.0.222:34997]...

Refreshing native plugins compatible for Editor in 27.68 ms, found 3 plugins.
Preloading 0 native plugins for Editor in 0.00 ms.
Initialize engine version: 2020.3.48f1 (b805b124c6b7)
[Subsystems] Discovering subsystems at path C:/Program Files/Unity/Hub/Editor/2020.3.48f1/Editor/Data/Resources/UnitySubsystems
[Subsystems] Discovering subsystems at path D:/Github/Unity Projects/Dimensional-Defense-/Tower Defense Game/Assets
GfxDevice: creating device client; threaded=0
Direct3D:
    Version:  Direct3D 11.0 [level 11.1]
    Renderer: AMD Radeon RX 6600 XT (ID=0x73ff)
    Vendor:   
    VRAM:     8147 MB
    Driver:   31.0.21031.1005
Initialize mono
Mono path[0] = 'C:/Program Files/Unity/Hub/Editor/2020.3.48f1/Editor/Data/Managed'
Mono path[1] = 'C:/Program Files/Unity/Hub/Editor/2020.3.48f1/Editor/Data/MonoBleedingEdge/lib/mono/unityjit'
Mono config path = 'C:/Program Files/Unity/Hub/Editor/2020.3.48f1/Editor/Data/MonoBleedingEdge/etc'
Using monoOptions --debugger-agent=transport=dt_socket,embedding=1,server=y,suspend=n,address=127.0.0.1:56736
Begin MonoManager ReloadAssembly
Registering precompiled unity dll's ...
Register platform support module: C:/Program Files/Unity/Hub/Editor/2020.3.48f1/Editor/Data/PlaybackEngines/WebGLSupport/UnityEditor.WebGL.Extensions.dll
Register platform support module: C:/Program Files/Unity/Hub/Editor/2020.3.48f1/Editor/Data/PlaybackEngines/WindowsStandaloneSupport/UnityEditor.WindowsStandalone.Extensions.dll
Registered in 0.000979 seconds.
Native extension for WindowsStandalone target not found
Native extension for WebGL target not found
Refreshing native plugins compatible for Editor in 27.06 ms, found 3 plugins.
Preloading 0 native plugins for Editor in 0.00 ms.
Mono: successfully reloaded assembly
- Completed reload, in  0.392 seconds
Domain Reload Profiling:
	ReloadAssembly (392ms)
		BeginReloadAssembly (41ms)
			ExecutionOrderSort (0ms)
			DisableScriptedObjects (0ms)
			BackupInstance (0ms)
			ReleaseScriptingObjects (0ms)
			CreateAndSetChildDomain (1ms)
		EndReloadAssembly (304ms)
			LoadAssemblies (40ms)
			RebuildTransferFunctionScriptingTraits (0ms)
			SetupTypeCache (98ms)
			ReleaseScriptCaches (0ms)
			RebuildScriptCaches (21ms)
			SetupLoadedEditorAssemblies (118ms)
				LogAssemblyErrors (0ms)
				InitializePlatformSupportModulesInManaged (3ms)
				SetLoadedEditorAssemblies (0ms)
				RefreshPlugins (27ms)
				BeforeProcessingInitializeOnLoad (11ms)
				ProcessInitializeOnLoadAttributes (59ms)
				ProcessInitializeOnLoadMethodAttributes (18ms)
				AfterProcessingInitializeOnLoad (0ms)
				EditorAssembliesLoaded (0ms)
			ExecutionOrderSort2 (0ms)
			AwakeInstancesAfterBackupRestoration (0ms)
Platform modules already initialized, skipping
Registering precompiled user dll's ...
Registered in 0.001456 seconds.
Begin MonoManager ReloadAssembly
Native extension for WindowsStandalone target not found
Native extension for WebGL target not found
Refreshing native plugins compatible for Editor in 36.52 ms, found 3 plugins.
Preloading 0 native plugins for Editor in 0.00 ms.
Mono: successfully reloaded assembly
- Completed reload, in  0.775 seconds
Domain Reload Profiling:
	ReloadAssembly (776ms)
		BeginReloadAssembly (90ms)
			ExecutionOrderSort (0ms)
			DisableScriptedObjects (3ms)
			BackupInstance (0ms)
			ReleaseScriptingObjects (0ms)
			CreateAndSetChildDomain (13ms)
		EndReloadAssembly (647ms)
			LoadAssemblies (78ms)
			RebuildTransferFunctionScriptingTraits (0ms)
			SetupTypeCache (204ms)
			ReleaseScriptCaches (0ms)
			RebuildScriptCaches (35ms)
			SetupLoadedEditorAssemblies (248ms)
				LogAssemblyErrors (0ms)
				InitializePlatformSupportModulesInManaged (4ms)
				SetLoadedEditorAssemblies (0ms)
				RefreshPlugins (37ms)
				BeforeProcessingInitializeOnLoad (56ms)
				ProcessInitializeOnLoadAttributes (139ms)
				ProcessInitializeOnLoadMethodAttributes (10ms)
				AfterProcessingInitializeOnLoad (2ms)
				EditorAssembliesLoaded (0ms)
			ExecutionOrderSort2 (0ms)
			AwakeInstancesAfterBackupRestoration (1ms)
Platform modules already initialized, skipping
========================================================================
Worker process is ready to serve import requests
Launched and connected shader compiler UnityShaderCompiler.exe after 0.03 seconds
Refreshing native plugins compatible for Editor in 0.31 ms, found 3 plugins.
Preloading 0 native plugins for Editor in 0.00 ms.
Unloading 2035 Unused Serialized files (Serialized files now loaded: 0)
System memory in use before: 94.6 MB.
System memory in use after: 94.6 MB.

Unloading 27 unused Assets to reduce memory usage. Loaded Objects now: 2473.
Total: 2.208700 ms (FindLiveObjects: 0.101900 ms CreateObjectMapping: 0.040000 ms MarkObjects: 1.948500 ms  DeleteObjects: 0.117600 ms)

AssetImportParameters requested are different than current active one (requested -> active):
  custom:framework-win-MediaFoundation: 216162199b28c13a410421893ffa2e32 -> 
  custom:video-decoder-ogg-theora: a1e56fd34408186e4bbccfd4996cb3dc -> 
  custom:container-muxer-webm: aa71ff27fc2769a1b78a27578f13a17b -> 
  custom:container-demuxer-webm: 4f35f7cbe854078d1ac9338744f61a02 -> 
  custom:container-demuxer-ogg: 62fdf1f143b41e24485cea50d1cbac27 -> 
  custom:video-encoder-webm-vp8: eb34c28f22e8b96e1ab97ce403110664 -> 
  custom:video-decoder-webm-vp8: 9c59270c3fd7afecdb556c50c9e8de78 -> 
  custom:audio-decoder-ogg-vorbis: bf7c407c2cedff20999df2af8eb42d56 -> 
  custom:audio-encoder-webm-vorbis: bf7c407c2cedff20999df2af8eb42d56 -> 
========================================================================
Received Import Request.
  path: Assets/Level 1/Enemies/crabby.png
  artifactKey: Guid(b324799bb4b1ec146a0b98ef1890ba40) Importer(815301076,1909f56bfc062723c751e8b465ee728b)
Start importing Assets/Level 1/Enemies/crabby.png using Guid(b324799bb4b1ec146a0b98ef1890ba40) Importer(815301076,1909f56bfc062723c751e8b465ee728b)  -> (artifact id: '3f2dd6eaf46aa995c0f49145a0b563ef') in 0.071322 seconds 
========================================================================
Received Import Request.
  Time since last request: 0.000262 seconds.
  path: Assets/Level 1/Enemies/magmaMouse.png
  artifactKey: Guid(c4bf3dc563b4f194d985ea3598e8928f) Importer(815301076,1909f56bfc062723c751e8b465ee728b)
Start importing Assets/Level 1/Enemies/magmaMouse.png using Guid(c4bf3dc563b4f194d985ea3598e8928f) Importer(815301076,1909f56bfc062723c751e8b465ee728b)  -> (artifact id: '4be045a7f792ad992e7e99ee3c3d5bd5') in 0.012787 seconds 
========================================================================
Received Import Request.
  Time since last request: 0.504461 seconds.
  path: Assets/Level 1/Enemies/WebsterEnemy 1.prefab
  artifactKey: Guid(dc470c9a49ff7c0438d0fb8b09d23cef) Importer(815301076,1909f56bfc062723c751e8b465ee728b)
Start importing Assets/Level 1/Enemies/WebsterEnemy 1.prefab using Guid(dc470c9a49ff7c0438d0fb8b09d23cef) Importer(815301076,1909f56bfc062723c751e8b465ee728b)  -> (artifact id: 'a3e687b52b98945d4a57df6a7c945004') in 0.030757 seconds 
========================================================================
Received Import Request.
  Time since last request: 5.398376 seconds.
  path: Assets/Level 1/Enemies/MagmaMouseEnemt.prefab
  artifactKey: Guid(dc470c9a49ff7c0438d0fb8b09d23cef) Importer(815301076,1909f56bfc062723c751e8b465ee728b)
Start importing Assets/Level 1/Enemies/MagmaMouseEnemt.prefab using Guid(dc470c9a49ff7c0438d0fb8b09d23cef) Importer(815301076,1909f56bfc062723c751e8b465ee728b)  -> (artifact id: 'c7a581cb39207ce692a39254eccf83b5') in 0.010269 seconds 
========================================================================
Received Import Request.
  Time since last request: 4.274856 seconds.
  path: Assets/Level 1/Enemies/MagmaMouseEnemy.prefab
  artifactKey: Guid(dc470c9a49ff7c0438d0fb8b09d23cef) Importer(815301076,1909f56bfc062723c751e8b465ee728b)
Start importing Assets/Level 1/Enemies/MagmaMouseEnemy.prefab using Guid(dc470c9a49ff7c0438d0fb8b09d23cef) Importer(815301076,1909f56bfc062723c751e8b465ee728b)  -> (artifact id: 'bf7548036210b8b7456abab8e2693ecd') in 0.010322 seconds 
========================================================================
Received Import Request.
  Time since last request: 6.114730 seconds.
  path: Assets/Level 1/Enemies/MagmaMouseEnemy.prefab
  artifactKey: Guid(dc470c9a49ff7c0438d0fb8b09d23cef) Importer(815301076,1909f56bfc062723c751e8b465ee728b)
Start importing Assets/Level 1/Enemies/MagmaMouseEnemy.prefab using Guid(dc470c9a49ff7c0438d0fb8b09d23cef) Importer(815301076,1909f56bfc062723c751e8b465ee728b)  -> (artifact id: 'f839ff92d3e43dbbbbc7a08521c8d996') in 0.008680 seconds 
========================================================================
Received Import Request.
  Time since last request: 6.444318 seconds.
  path: Assets/Level 1/Enemies/MagmaMouseEnemy.prefab
  artifactKey: Guid(dc470c9a49ff7c0438d0fb8b09d23cef) Importer(815301076,1909f56bfc062723c751e8b465ee728b)
Start importing Assets/Level 1/Enemies/MagmaMouseEnemy.prefab using Guid(dc470c9a49ff7c0438d0fb8b09d23cef) Importer(815301076,1909f56bfc062723c751e8b465ee728b)  -> (artifact id: 'd9c1ba88a6a2624d1c7c825b8ce35497') in 0.008050 seconds 
========================================================================
Received Import Request.
  Time since last request: 16.157788 seconds.
  path: Assets/Level 1/Enemies/MagmaMouseEnemy.prefab
  artifactKey: Guid(dc470c9a49ff7c0438d0fb8b09d23cef) Importer(815301076,1909f56bfc062723c751e8b465ee728b)
Start importing Assets/Level 1/Enemies/MagmaMouseEnemy.prefab using Guid(dc470c9a49ff7c0438d0fb8b09d23cef) Importer(815301076,1909f56bfc062723c751e8b465ee728b)  -> (artifact id: '6217b44ff30f9d34d7b319ba658c2de1') in 0.008747 seconds 
========================================================================
Received Import Request.
  Time since last request: 0.596440 seconds.
  path: Assets/Level 1/Enemies/MagmaMouseEnemy.prefab
  artifactKey: Guid(dc470c9a49ff7c0438d0fb8b09d23cef) Importer(815301076,1909f56bfc062723c751e8b465ee728b)
Start importing Assets/Level 1/Enemies/MagmaMouseEnemy.prefab using Guid(dc470c9a49ff7c0438d0fb8b09d23cef) Importer(815301076,1909f56bfc062723c751e8b465ee728b)  -> (artifact id: 'f94ac00e0ee218f501366efd83ea5b86') in 0.008785 seconds 
========================================================================
Received Import Request.
  Time since last request: 0.423604 seconds.
  path: Assets/Level 1/Enemies/MagmaMouseEnemy.prefab
  artifactKey: Guid(dc470c9a49ff7c0438d0fb8b09d23cef) Importer(815301076,1909f56bfc062723c751e8b465ee728b)
Start importing Assets/Level 1/Enemies/MagmaMouseEnemy.prefab using Guid(dc470c9a49ff7c0438d0fb8b09d23cef) Importer(815301076,1909f56bfc062723c751e8b465ee728b)  -> (artifact id: 'e82d8373d0a3b2bb5cf0ff8f95a72c5c') in 0.007852 seconds 
========================================================================
Received Import Request.
  Time since last request: 3.270845 seconds.
  path: Assets/Level 1/Enemies/WebsterEnemy 1.prefab
  artifactKey: Guid(7d7ef8657a3deeb4fae94b09238f3783) Importer(815301076,1909f56bfc062723c751e8b465ee728b)
Start importing Assets/Level 1/Enemies/WebsterEnemy 1.prefab using Guid(7d7ef8657a3deeb4fae94b09238f3783) Importer(815301076,1909f56bfc062723c751e8b465ee728b)  -> (artifact id: '124ac51acb2e6a9dd1bf129f3301b743') in 0.005497 seconds 
========================================================================
Received Import Request.
  Time since last request: 4.988329 seconds.
  path: Assets/Level 1/Enemies/CrabbyEnemy.prefab
  artifactKey: Guid(7d7ef8657a3deeb4fae94b09238f3783) Importer(815301076,1909f56bfc062723c751e8b465ee728b)
Start importing Assets/Level 1/Enemies/CrabbyEnemy.prefab using Guid(7d7ef8657a3deeb4fae94b09238f3783) Importer(815301076,1909f56bfc062723c751e8b465ee728b)  -> (artifact id: '8853ee7bb7ec8f947235b18a78082657') in 0.009233 seconds 
========================================================================
Received Import Request.
  Time since last request: 7.570138 seconds.
  path: Assets/Level 1/Enemies/CrabbyEnemy.prefab
  artifactKey: Guid(7d7ef8657a3deeb4fae94b09238f3783) Importer(815301076,1909f56bfc062723c751e8b465ee728b)
Start importing Assets/Level 1/Enemies/CrabbyEnemy.prefab using Guid(7d7ef8657a3deeb4fae94b09238f3783) Importer(815301076,1909f56bfc062723c751e8b465ee728b)  -> (artifact id: '0efbc237636acda6354ff52b9e9c871e') in 0.010858 seconds 
========================================================================
Received Import Request.
  Time since last request: 1.615417 seconds.
  path: Assets/Level 1/Enemies/CrabbyEnemy.prefab
  artifactKey: Guid(7d7ef8657a3deeb4fae94b09238f3783) Importer(815301076,1909f56bfc062723c751e8b465ee728b)
Start importing Assets/Level 1/Enemies/CrabbyEnemy.prefab using Guid(7d7ef8657a3deeb4fae94b09238f3783) Importer(815301076,1909f56bfc062723c751e8b465ee728b)  -> (artifact id: 'bf50218d5c6f09812a13dc46b3fc7a16') in 0.009810 seconds 
========================================================================
Received Import Request.
  Time since last request: 5.491429 seconds.
  path: Assets/Level 1/Enemies/CrabbyEnemy.prefab
  artifactKey: Guid(7d7ef8657a3deeb4fae94b09238f3783) Importer(815301076,1909f56bfc062723c751e8b465ee728b)
Start importing Assets/Level 1/Enemies/CrabbyEnemy.prefab using Guid(7d7ef8657a3deeb4fae94b09238f3783) Importer(815301076,1909f56bfc062723c751e8b465ee728b)  -> (artifact id: '34e60f46a20dea29a715e66284c95abf') in 0.009870 seconds 
========================================================================
Received Import Request.
  Time since last request: 1.632854 seconds.
  path: Assets/Level 1/Enemies/CrabbyEnemy.prefab
  artifactKey: Guid(7d7ef8657a3deeb4fae94b09238f3783) Importer(815301076,1909f56bfc062723c751e8b465ee728b)
Start importing Assets/Level 1/Enemies/CrabbyEnemy.prefab using Guid(7d7ef8657a3deeb4fae94b09238f3783) Importer(815301076,1909f56bfc062723c751e8b465ee728b)  -> (artifact id: 'c8d6a53ab9decaf364d02fee84ff070e') in 0.009900 seconds 
========================================================================
Received Import Request.
  Time since last request: 0.774123 seconds.
  path: Assets/Level 1/Enemies/CrabbyEnemy.prefab
  artifactKey: Guid(7d7ef8657a3deeb4fae94b09238f3783) Importer(815301076,1909f56bfc062723c751e8b465ee728b)
Start importing Assets/Level 1/Enemies/CrabbyEnemy.prefab using Guid(7d7ef8657a3deeb4fae94b09238f3783) Importer(815301076,1909f56bfc062723c751e8b465ee728b)  -> (artifact id: '783e02f3c46f985b081d833d8401aa11') in 0.008684 seconds 
========================================================================
Received Import Request.
  Time since last request: 7.428604 seconds.
  path: Assets/Level 1/Rounds/Round2.prefab
  artifactKey: Guid(c829619c103d28b48b61e3a6a795f0ad) Importer(815301076,1909f56bfc062723c751e8b465ee728b)
Start importing Assets/Level 1/Rounds/Round2.prefab using Guid(c829619c103d28b48b61e3a6a795f0ad) Importer(815301076,1909f56bfc062723c751e8b465ee728b)  -> (artifact id: 'd7cd9cfb62c2e1affc1a58e16ef291d7') in 0.005661 seconds 
========================================================================
Received Import Request.
  Time since last request: 9.890489 seconds.
  path: Assets/Level 1/Rounds/Round2.prefab
  artifactKey: Guid(c829619c103d28b48b61e3a6a795f0ad) Importer(815301076,1909f56bfc062723c751e8b465ee728b)
Start importing Assets/Level 1/Rounds/Round2.prefab using Guid(c829619c103d28b48b61e3a6a795f0ad) Importer(815301076,1909f56bfc062723c751e8b465ee728b)  -> (artifact id: 'bc7dd4e86a8904ff200c9cb65f7fc063') in 0.014911 seconds 
========================================================================
Received Import Request.
  Time since last request: 3.542619 seconds.
  path: Assets/Level 1/Rounds/Round3.prefab
  artifactKey: Guid(556f6914fdc60e440b6b7853cf7477d6) Importer(815301076,1909f56bfc062723c751e8b465ee728b)
Start importing Assets/Level 1/Rounds/Round3.prefab using Guid(556f6914fdc60e440b6b7853cf7477d6) Importer(815301076,1909f56bfc062723c751e8b465ee728b)  -> (artifact id: 'ff4d1219ec1f74204b38dcbf4cb3d8b1') in 0.005878 seconds 
========================================================================
Received Import Request.
  Time since last request: 8.293656 seconds.
  path: Assets/Level 1/Rounds/Round3.prefab
  artifactKey: Guid(556f6914fdc60e440b6b7853cf7477d6) Importer(815301076,1909f56bfc062723c751e8b465ee728b)
Start importing Assets/Level 1/Rounds/Round3.prefab using Guid(556f6914fdc60e440b6b7853cf7477d6) Importer(815301076,1909f56bfc062723c751e8b465ee728b)  -> (artifact id: 'c8c9aee079da0ea8b4fe142a4d277205') in 0.012786 seconds 
========================================================================
Received Import Request.
  Time since last request: 4.010815 seconds.
  path: Assets/Level 1/Rounds/Round4.prefab
  artifactKey: Guid(dc6cfea2470628440b50c76ee423aef8) Importer(815301076,1909f56bfc062723c751e8b465ee728b)
Start importing Assets/Level 1/Rounds/Round4.prefab using Guid(dc6cfea2470628440b50c76ee423aef8) Importer(815301076,1909f56bfc062723c751e8b465ee728b)  -> (artifact id: 'fad991877d04d9a64b3cfd173aa9dcc8') in 0.005875 seconds 
========================================================================
Received Import Request.
  Time since last request: 19.994375 seconds.
  path: Assets/Level 1/Enemies/CrabbyEnemy.prefab
  artifactKey: Guid(7d7ef8657a3deeb4fae94b09238f3783) Importer(815301076,1909f56bfc062723c751e8b465ee728b)
Start importing Assets/Level 1/Enemies/CrabbyEnemy.prefab using Guid(7d7ef8657a3deeb4fae94b09238f3783) Importer(815301076,1909f56bfc062723c751e8b465ee728b)  -> (artifact id: '6d72d2503e9cd5803bcb8f5617710089') in 0.006631 seconds 
========================================================================
Received Import Request.
  Time since last request: 3.700520 seconds.
  path: Assets/Level 1/Enemies/CrabbyEnemy.prefab
  artifactKey: Guid(7d7ef8657a3deeb4fae94b09238f3783) Importer(815301076,1909f56bfc062723c751e8b465ee728b)
Start importing Assets/Level 1/Enemies/CrabbyEnemy.prefab using Guid(7d7ef8657a3deeb4fae94b09238f3783) Importer(815301076,1909f56bfc062723c751e8b465ee728b)  -> (artifact id: '7ad98109073d451f4728307d9e282eb8') in 0.008471 seconds 
========================================================================
Received Prepare
Registering precompiled user dll's ...
Registered in 0.001381 seconds.
Begin MonoManager ReloadAssembly
Native extension for WindowsStandalone target not found
Native extension for WebGL target not found
Refreshing native plugins compatible for Editor in 0.33 ms, found 3 plugins.
Preloading 0 native plugins for Editor in 0.00 ms.
Mono: successfully reloaded assembly
- Completed reload, in  0.671 seconds
Domain Reload Profiling:
	ReloadAssembly (671ms)
		BeginReloadAssembly (81ms)
			ExecutionOrderSort (0ms)
			DisableScriptedObjects (4ms)
			BackupInstance (0ms)
			ReleaseScriptingObjects (0ms)
			CreateAndSetChildDomain (25ms)
		EndReloadAssembly (550ms)
			LoadAssemblies (63ms)
			RebuildTransferFunctionScriptingTraits (0ms)
			SetupTypeCache (201ms)
			ReleaseScriptCaches (1ms)
			RebuildScriptCaches (31ms)
			SetupLoadedEditorAssemblies (200ms)
				LogAssemblyErrors (0ms)
				InitializePlatformSupportModulesInManaged (3ms)
				SetLoadedEditorAssemblies (1ms)
				RefreshPlugins (0ms)
				BeforeProcessingInitializeOnLoad (52ms)
				ProcessInitializeOnLoadAttributes (134ms)
				ProcessInitializeOnLoadMethodAttributes (7ms)
				AfterProcessingInitializeOnLoad (3ms)
				EditorAssembliesLoaded (0ms)
			ExecutionOrderSort2 (0ms)
			AwakeInstancesAfterBackupRestoration (2ms)
Platform modules already initialized, skipping
Refreshing native plugins compatible for Editor in 0.31 ms, found 3 plugins.
Preloading 0 native plugins for Editor in 0.00 ms.
Unloading 2013 Unused Serialized files (Serialized files now loaded: 0)
System memory in use before: 95.9 MB.
System memory in use after: 96.0 MB.

Unloading 16 unused Assets to reduce memory usage. Loaded Objects now: 2487.
Total: 2.127400 ms (FindLiveObjects: 0.117400 ms CreateObjectMapping: 0.037600 ms MarkObjects: 1.904600 ms  DeleteObjects: 0.067500 ms)

AssetImportParameters requested are different than current active one (requested -> active):
  custom:framework-win-MediaFoundation: 216162199b28c13a410421893ffa2e32 -> 
  custom:video-decoder-ogg-theora: a1e56fd34408186e4bbccfd4996cb3dc -> 
  custom:container-muxer-webm: aa71ff27fc2769a1b78a27578f13a17b -> 
  custom:container-demuxer-webm: 4f35f7cbe854078d1ac9338744f61a02 -> 
  custom:container-demuxer-ogg: 62fdf1f143b41e24485cea50d1cbac27 -> 
  custom:video-encoder-webm-vp8: eb34c28f22e8b96e1ab97ce403110664 -> 
  custom:video-decoder-webm-vp8: 9c59270c3fd7afecdb556c50c9e8de78 -> 
  custom:audio-decoder-ogg-vorbis: bf7c407c2cedff20999df2af8eb42d56 -> 
  custom:audio-encoder-webm-vorbis: bf7c407c2cedff20999df2af8eb42d56 -> 
AssetImportWorkerClient::OnTransportError - code=2 error=End of file
