Using pre-set license
Built from '2020.3/staging' branch; Version is '2020.3.48f1 (b805b124c6b7) revision 12060081'; Using compiler version '192528614'; Build Type 'Release'
OS: 'Windows 11  (10.0.22621) 64bit Core' Language: 'en' Physical Memory: 32443 MB
BatchMode: 1, IsHumanControllingUs: 0, StartBugReporterOnCrash: 0, Is64bit: 1, IsPro: 0

COMMAND LINE ARGUMENTS:
C:\Program Files\Unity\Hub\Editor\2020.3.48f1\Editor\Unity.exe
-adb2
-batchMode
-noUpm
-name
AssetImportWorker0
-projectPath
D:/Github/Unity Projects/Dimensional-Defense-/Tower Defense Game
-logFile
Logs/AssetImportWorker0.log
-srvPort
56013
Successfully changed project path to: D:/Github/Unity Projects/Dimensional-Defense-/Tower Defense Game
D:/Github/Unity Projects/Dimensional-Defense-/Tower Defense Game
Using Asset Import Pipeline V2.
Player connection [3300] Host "[IP] 10.28.4.28 [Port] 2953007648 [Flags] 2 [Guid] 3625721251 [EditorId] 3625721251 [Version] 1048832 [Id] WindowsEditor(7,DESKTOP-O1MUL3M) [Debug] 1 [PackageName] WindowsEditor [ProjectName] Editor" joined multi-casting on [225.0.0.222:54997]...

Player connection [3300] Host "[IP] 10.28.4.28 [Port] 2953007648 [Flags] 2 [Guid] 3625721251 [EditorId] 3625721251 [Version] 1048832 [Id] WindowsEditor(7,DESKTOP-O1MUL3M) [Debug] 1 [PackageName] WindowsEditor [ProjectName] Editor" joined alternative multi-casting on [225.0.0.222:34997]...

Refreshing native plugins compatible for Editor in 27.08 ms, found 3 plugins.
Preloading 0 native plugins for Editor in 0.00 ms.
Initialize engine version: 2020.3.48f1 (b805b124c6b7)
[Subsystems] Discovering subsystems at path C:/Program Files/Unity/Hub/Editor/2020.3.48f1/Editor/Data/Resources/UnitySubsystems
[Subsystems] Discovering subsystems at path D:/Github/Unity Projects/Dimensional-Defense-/Tower Defense Game/Assets
GfxDevice: creating device client; threaded=0
Direct3D:
    Version:  Direct3D 11.0 [level 11.1]
    Renderer: AMD Radeon RX 6600 XT (ID=0x73ff)
    Vendor:   
    VRAM:     8147 MB
    Driver:   31.0.21031.1005
Initialize mono
Mono path[0] = 'C:/Program Files/Unity/Hub/Editor/2020.3.48f1/Editor/Data/Managed'
Mono path[1] = 'C:/Program Files/Unity/Hub/Editor/2020.3.48f1/Editor/Data/MonoBleedingEdge/lib/mono/unityjit'
Mono config path = 'C:/Program Files/Unity/Hub/Editor/2020.3.48f1/Editor/Data/MonoBleedingEdge/etc'
Using monoOptions --debugger-agent=transport=dt_socket,embedding=1,server=y,suspend=n,address=127.0.0.1:56252
Begin MonoManager ReloadAssembly
Registering precompiled unity dll's ...
Register platform support module: C:/Program Files/Unity/Hub/Editor/2020.3.48f1/Editor/Data/PlaybackEngines/WebGLSupport/UnityEditor.WebGL.Extensions.dll
Register platform support module: C:/Program Files/Unity/Hub/Editor/2020.3.48f1/Editor/Data/PlaybackEngines/WindowsStandaloneSupport/UnityEditor.WindowsStandalone.Extensions.dll
Registered in 0.000953 seconds.
Native extension for WindowsStandalone target not found
Native extension for WebGL target not found
Refreshing native plugins compatible for Editor in 26.42 ms, found 3 plugins.
Preloading 0 native plugins for Editor in 0.00 ms.
Mono: successfully reloaded assembly
- Completed reload, in  0.391 seconds
Domain Reload Profiling:
	ReloadAssembly (391ms)
		BeginReloadAssembly (60ms)
			ExecutionOrderSort (0ms)
			DisableScriptedObjects (0ms)
			BackupInstance (0ms)
			ReleaseScriptingObjects (0ms)
			CreateAndSetChildDomain (1ms)
		EndReloadAssembly (287ms)
			LoadAssemblies (59ms)
			RebuildTransferFunctionScriptingTraits (0ms)
			SetupTypeCache (95ms)
			ReleaseScriptCaches (0ms)
			RebuildScriptCaches (20ms)
			SetupLoadedEditorAssemblies (111ms)
				LogAssemblyErrors (0ms)
				InitializePlatformSupportModulesInManaged (3ms)
				SetLoadedEditorAssemblies (0ms)
				RefreshPlugins (26ms)
				BeforeProcessingInitializeOnLoad (10ms)
				ProcessInitializeOnLoadAttributes (54ms)
				ProcessInitializeOnLoadMethodAttributes (17ms)
				AfterProcessingInitializeOnLoad (0ms)
				EditorAssembliesLoaded (0ms)
			ExecutionOrderSort2 (0ms)
			AwakeInstancesAfterBackupRestoration (0ms)
Platform modules already initialized, skipping
Registering precompiled user dll's ...
Registered in 0.001203 seconds.
Begin MonoManager ReloadAssembly
Native extension for WindowsStandalone target not found
Native extension for WebGL target not found
Refreshing native plugins compatible for Editor in 26.69 ms, found 3 plugins.
Preloading 0 native plugins for Editor in 0.00 ms.
Mono: successfully reloaded assembly
- Completed reload, in  0.671 seconds
Domain Reload Profiling:
	ReloadAssembly (671ms)
		BeginReloadAssembly (92ms)
			ExecutionOrderSort (0ms)
			DisableScriptedObjects (3ms)
			BackupInstance (0ms)
			ReleaseScriptingObjects (0ms)
			CreateAndSetChildDomain (14ms)
		EndReloadAssembly (541ms)
			LoadAssemblies (59ms)
			RebuildTransferFunctionScriptingTraits (0ms)
			SetupTypeCache (170ms)
			ReleaseScriptCaches (0ms)
			RebuildScriptCaches (30ms)
			SetupLoadedEditorAssemblies (223ms)
				LogAssemblyErrors (0ms)
				InitializePlatformSupportModulesInManaged (3ms)
				SetLoadedEditorAssemblies (0ms)
				RefreshPlugins (27ms)
				BeforeProcessingInitializeOnLoad (49ms)
				ProcessInitializeOnLoadAttributes (133ms)
				ProcessInitializeOnLoadMethodAttributes (9ms)
				AfterProcessingInitializeOnLoad (3ms)
				EditorAssembliesLoaded (0ms)
			ExecutionOrderSort2 (0ms)
			AwakeInstancesAfterBackupRestoration (1ms)
Platform modules already initialized, skipping
========================================================================
Worker process is ready to serve import requests
Launched and connected shader compiler UnityShaderCompiler.exe after 0.03 seconds
Refreshing native plugins compatible for Editor in 0.31 ms, found 3 plugins.
Preloading 0 native plugins for Editor in 0.00 ms.
Unloading 2035 Unused Serialized files (Serialized files now loaded: 0)
System memory in use before: 94.6 MB.
System memory in use after: 94.6 MB.

Unloading 27 unused Assets to reduce memory usage. Loaded Objects now: 2473.
Total: 2.161600 ms (FindLiveObjects: 0.123000 ms CreateObjectMapping: 0.041600 ms MarkObjects: 1.881300 ms  DeleteObjects: 0.115100 ms)

AssetImportParameters requested are different than current active one (requested -> active):
  custom:framework-win-MediaFoundation: 216162199b28c13a410421893ffa2e32 -> 
  custom:video-decoder-ogg-theora: a1e56fd34408186e4bbccfd4996cb3dc -> 
  custom:container-muxer-webm: aa71ff27fc2769a1b78a27578f13a17b -> 
  custom:container-demuxer-webm: 4f35f7cbe854078d1ac9338744f61a02 -> 
  custom:container-demuxer-ogg: 62fdf1f143b41e24485cea50d1cbac27 -> 
  custom:video-encoder-webm-vp8: eb34c28f22e8b96e1ab97ce403110664 -> 
  custom:video-decoder-webm-vp8: 9c59270c3fd7afecdb556c50c9e8de78 -> 
  custom:audio-decoder-ogg-vorbis: bf7c407c2cedff20999df2af8eb42d56 -> 
  custom:audio-encoder-webm-vorbis: bf7c407c2cedff20999df2af8eb42d56 -> 
========================================================================
Received Import Request.
  path: Assets/Level 1/Enemies
  artifactKey: Guid(1cd0de5510ba62f41815efe8b25088aa) Importer(815301076,1909f56bfc062723c751e8b465ee728b)
Start importing Assets/Level 1/Enemies using Guid(1cd0de5510ba62f41815efe8b25088aa) Importer(815301076,1909f56bfc062723c751e8b465ee728b)  -> (artifact id: '663f7e6371f7b73174f95d31c88e6781') in 0.006611 seconds 
========================================================================
Received Import Request.
  Time since last request: 27.474732 seconds.
  path: Assets/Level 1/Enemies/webster.png
  artifactKey: Guid(ecf8d064b9f7b464993214e64e4538da) Importer(815301076,1909f56bfc062723c751e8b465ee728b)
Start importing Assets/Level 1/Enemies/webster.png using Guid(ecf8d064b9f7b464993214e64e4538da) Importer(815301076,1909f56bfc062723c751e8b465ee728b)  -> (artifact id: '8e25594c6d0c844faf208b421edf2661') in 0.075411 seconds 
========================================================================
Received Import Request.
  Time since last request: 35.061948 seconds.
  path: Assets/Level 1/Enemies/EarthEnemy 1.prefab
  artifactKey: Guid(2dfc18b7f0ce478448348e7a99ad01d1) Importer(815301076,1909f56bfc062723c751e8b465ee728b)
Start importing Assets/Level 1/Enemies/EarthEnemy 1.prefab using Guid(2dfc18b7f0ce478448348e7a99ad01d1) Importer(815301076,1909f56bfc062723c751e8b465ee728b)  -> (artifact id: '11f619dac9e84ab5cbddd38da53b66df') in 0.031575 seconds 
========================================================================
Received Import Request.
  Time since last request: 5.194004 seconds.
  path: Assets/Level 1/Enemies/WebsterEnemy.prefab
  artifactKey: Guid(2dfc18b7f0ce478448348e7a99ad01d1) Importer(815301076,1909f56bfc062723c751e8b465ee728b)
Start importing Assets/Level 1/Enemies/WebsterEnemy.prefab using Guid(2dfc18b7f0ce478448348e7a99ad01d1) Importer(815301076,1909f56bfc062723c751e8b465ee728b)  -> (artifact id: '8ae2f6ba6abd81b31c416bf7cf9a9512') in 0.009273 seconds 
========================================================================
Received Import Request.
  Time since last request: 14.445012 seconds.
  path: Assets/Level 1/Enemies/WebsterEnemy.prefab
  artifactKey: Guid(2dfc18b7f0ce478448348e7a99ad01d1) Importer(815301076,1909f56bfc062723c751e8b465ee728b)
Start importing Assets/Level 1/Enemies/WebsterEnemy.prefab using Guid(2dfc18b7f0ce478448348e7a99ad01d1) Importer(815301076,1909f56bfc062723c751e8b465ee728b)  -> (artifact id: '2d8ef7b99f186d85bb77c94613f87417') in 0.010189 seconds 
========================================================================
Received Import Request.
  Time since last request: 7.005869 seconds.
  path: Assets/Level 1/Enemies/WebsterEnemy.prefab
  artifactKey: Guid(2dfc18b7f0ce478448348e7a99ad01d1) Importer(815301076,1909f56bfc062723c751e8b465ee728b)
Start importing Assets/Level 1/Enemies/WebsterEnemy.prefab using Guid(2dfc18b7f0ce478448348e7a99ad01d1) Importer(815301076,1909f56bfc062723c751e8b465ee728b)  -> (artifact id: '4a11c0fb0a45ed8ed295a2558b52a808') in 0.006748 seconds 
========================================================================
Received Import Request.
  Time since last request: 8.255824 seconds.
  path: Assets/Level 1/Enemies/WebsterEnemy.prefab
  artifactKey: Guid(2dfc18b7f0ce478448348e7a99ad01d1) Importer(815301076,1909f56bfc062723c751e8b465ee728b)
Start importing Assets/Level 1/Enemies/WebsterEnemy.prefab using Guid(2dfc18b7f0ce478448348e7a99ad01d1) Importer(815301076,1909f56bfc062723c751e8b465ee728b)  -> (artifact id: '2cdaf3c215f6057d4ba6fdc1ad16f36b') in 0.004817 seconds 
========================================================================
Received Import Request.
  Time since last request: 7.329659 seconds.
  path: Assets/Level 1/Enemies/WebsterEnemy.prefab
  artifactKey: Guid(2dfc18b7f0ce478448348e7a99ad01d1) Importer(815301076,1909f56bfc062723c751e8b465ee728b)
Start importing Assets/Level 1/Enemies/WebsterEnemy.prefab using Guid(2dfc18b7f0ce478448348e7a99ad01d1) Importer(815301076,1909f56bfc062723c751e8b465ee728b)  -> (artifact id: '94a741460cf771533548610249421c7d') in 0.009581 seconds 
========================================================================
Received Import Request.
  Time since last request: 5.005154 seconds.
  path: Assets/Level 1/Enemies/WebsterEnemy.prefab
  artifactKey: Guid(2dfc18b7f0ce478448348e7a99ad01d1) Importer(815301076,1909f56bfc062723c751e8b465ee728b)
Start importing Assets/Level 1/Enemies/WebsterEnemy.prefab using Guid(2dfc18b7f0ce478448348e7a99ad01d1) Importer(815301076,1909f56bfc062723c751e8b465ee728b)  -> (artifact id: '6627951a0fa8d7647704f2048ddad767') in 0.009843 seconds 
========================================================================
Received Import Request.
  Time since last request: 2.602015 seconds.
  path: Assets/Level 1/Enemies/WebsterEnemy.prefab
  artifactKey: Guid(2dfc18b7f0ce478448348e7a99ad01d1) Importer(815301076,1909f56bfc062723c751e8b465ee728b)
Start importing Assets/Level 1/Enemies/WebsterEnemy.prefab using Guid(2dfc18b7f0ce478448348e7a99ad01d1) Importer(815301076,1909f56bfc062723c751e8b465ee728b)  -> (artifact id: 'c44ec05f4a3e5f2a672dffafaf91d815') in 0.010099 seconds 
========================================================================
Received Import Request.
  Time since last request: 1.198290 seconds.
  path: Assets/Level 1/Enemies/WebsterEnemy.prefab
  artifactKey: Guid(2dfc18b7f0ce478448348e7a99ad01d1) Importer(815301076,1909f56bfc062723c751e8b465ee728b)
Start importing Assets/Level 1/Enemies/WebsterEnemy.prefab using Guid(2dfc18b7f0ce478448348e7a99ad01d1) Importer(815301076,1909f56bfc062723c751e8b465ee728b)  -> (artifact id: '49081b5394d7ba3405094e697fbc9a84') in 0.012228 seconds 
========================================================================
Received Import Request.
  Time since last request: 1.608459 seconds.
  path: Assets/Level 1/Enemies/WebsterEnemy.prefab
  artifactKey: Guid(2dfc18b7f0ce478448348e7a99ad01d1) Importer(815301076,1909f56bfc062723c751e8b465ee728b)
Start importing Assets/Level 1/Enemies/WebsterEnemy.prefab using Guid(2dfc18b7f0ce478448348e7a99ad01d1) Importer(815301076,1909f56bfc062723c751e8b465ee728b)  -> (artifact id: 'a500391ee3c075208a8a29d76db352e7') in 0.009281 seconds 
========================================================================
Received Import Request.
  Time since last request: 4.449027 seconds.
  path: Assets/Level 1/Enemies/WebsterEnemy.prefab
  artifactKey: Guid(2dfc18b7f0ce478448348e7a99ad01d1) Importer(815301076,1909f56bfc062723c751e8b465ee728b)
Start importing Assets/Level 1/Enemies/WebsterEnemy.prefab using Guid(2dfc18b7f0ce478448348e7a99ad01d1) Importer(815301076,1909f56bfc062723c751e8b465ee728b)  -> (artifact id: 'af443620ed40ecff566444b2f10741a9') in 0.012942 seconds 
========================================================================
Received Import Request.
  Time since last request: 1.979673 seconds.
  path: Assets/Level 1/Enemies/WebsterEnemy.prefab
  artifactKey: Guid(2dfc18b7f0ce478448348e7a99ad01d1) Importer(815301076,1909f56bfc062723c751e8b465ee728b)
Start importing Assets/Level 1/Enemies/WebsterEnemy.prefab using Guid(2dfc18b7f0ce478448348e7a99ad01d1) Importer(815301076,1909f56bfc062723c751e8b465ee728b)  -> (artifact id: '91ca1ff3bfbbab003ad0e81b7089605d') in 0.009887 seconds 
========================================================================
Received Import Request.
  Time since last request: 7.644221 seconds.
  path: Assets/Level 1/Enemies/WebsterEnemy.prefab
  artifactKey: Guid(2dfc18b7f0ce478448348e7a99ad01d1) Importer(815301076,1909f56bfc062723c751e8b465ee728b)
Start importing Assets/Level 1/Enemies/WebsterEnemy.prefab using Guid(2dfc18b7f0ce478448348e7a99ad01d1) Importer(815301076,1909f56bfc062723c751e8b465ee728b)  -> (artifact id: 'bc3ba8a61c2c2d0adcdec8ca8f34ec23') in 0.010051 seconds 
========================================================================
Received Import Request.
  Time since last request: 5.422292 seconds.
  path: Assets/Level 1/Enemies/WebsterEnemy.prefab
  artifactKey: Guid(2dfc18b7f0ce478448348e7a99ad01d1) Importer(815301076,1909f56bfc062723c751e8b465ee728b)
Start importing Assets/Level 1/Enemies/WebsterEnemy.prefab using Guid(2dfc18b7f0ce478448348e7a99ad01d1) Importer(815301076,1909f56bfc062723c751e8b465ee728b)  -> (artifact id: '1e6e9e4f1690ae9e23fd23836baf30e2') in 0.009452 seconds 
========================================================================
Received Import Request.
  Time since last request: 18.931153 seconds.
  path: Assets/Level 1/Rounds
  artifactKey: Guid(282ccaebbd6dcf542967774e347d45c0) Importer(815301076,1909f56bfc062723c751e8b465ee728b)
Start importing Assets/Level 1/Rounds using Guid(282ccaebbd6dcf542967774e347d45c0) Importer(815301076,1909f56bfc062723c751e8b465ee728b)  -> (artifact id: 'ccb7935683b9cb30a6564d744948e38d') in 0.007116 seconds 
========================================================================
Received Import Request.
  Time since last request: 48.087624 seconds.
  path: Assets/Level 1/Rounds/Round1.prefab
  artifactKey: Guid(4caf3db31974f4149acc5f662ffafae4) Importer(815301076,1909f56bfc062723c751e8b465ee728b)
Start importing Assets/Level 1/Rounds/Round1.prefab using Guid(4caf3db31974f4149acc5f662ffafae4) Importer(815301076,1909f56bfc062723c751e8b465ee728b)  -> (artifact id: '3dcbe7246fe0308d3552976884ded878') in 0.015784 seconds 
========================================================================
Received Prepare
Registering precompiled user dll's ...
Registered in 0.001196 seconds.
Begin MonoManager ReloadAssembly
Native extension for WindowsStandalone target not found
Native extension for WebGL target not found
Refreshing native plugins compatible for Editor in 0.32 ms, found 3 plugins.
Preloading 0 native plugins for Editor in 0.00 ms.
Mono: successfully reloaded assembly
- Completed reload, in  0.633 seconds
Domain Reload Profiling:
	ReloadAssembly (633ms)
		BeginReloadAssembly (81ms)
			ExecutionOrderSort (0ms)
			DisableScriptedObjects (4ms)
			BackupInstance (0ms)
			ReleaseScriptingObjects (0ms)
			CreateAndSetChildDomain (25ms)
		EndReloadAssembly (513ms)
			LoadAssemblies (62ms)
			RebuildTransferFunctionScriptingTraits (0ms)
			SetupTypeCache (174ms)
			ReleaseScriptCaches (1ms)
			RebuildScriptCaches (27ms)
			SetupLoadedEditorAssemblies (202ms)
				LogAssemblyErrors (0ms)
				InitializePlatformSupportModulesInManaged (4ms)
				SetLoadedEditorAssemblies (1ms)
				RefreshPlugins (0ms)
				BeforeProcessingInitializeOnLoad (52ms)
				ProcessInitializeOnLoadAttributes (134ms)
				ProcessInitializeOnLoadMethodAttributes (7ms)
				AfterProcessingInitializeOnLoad (3ms)
				EditorAssembliesLoaded (0ms)
			ExecutionOrderSort2 (0ms)
			AwakeInstancesAfterBackupRestoration (2ms)
Platform modules already initialized, skipping
Refreshing native plugins compatible for Editor in 0.28 ms, found 3 plugins.
Preloading 0 native plugins for Editor in 0.00 ms.
Unloading 2013 Unused Serialized files (Serialized files now loaded: 0)
System memory in use before: 95.9 MB.
System memory in use after: 95.9 MB.

Unloading 16 unused Assets to reduce memory usage. Loaded Objects now: 2486.
Total: 2.364200 ms (FindLiveObjects: 0.100600 ms CreateObjectMapping: 0.039200 ms MarkObjects: 2.161900 ms  DeleteObjects: 0.061700 ms)

AssetImportParameters requested are different than current active one (requested -> active):
  custom:framework-win-MediaFoundation: 216162199b28c13a410421893ffa2e32 -> 
  custom:video-decoder-ogg-theora: a1e56fd34408186e4bbccfd4996cb3dc -> 
  custom:container-muxer-webm: aa71ff27fc2769a1b78a27578f13a17b -> 
  custom:container-demuxer-webm: 4f35f7cbe854078d1ac9338744f61a02 -> 
  custom:container-demuxer-ogg: 62fdf1f143b41e24485cea50d1cbac27 -> 
  custom:video-encoder-webm-vp8: eb34c28f22e8b96e1ab97ce403110664 -> 
  custom:video-decoder-webm-vp8: 9c59270c3fd7afecdb556c50c9e8de78 -> 
  custom:audio-decoder-ogg-vorbis: bf7c407c2cedff20999df2af8eb42d56 -> 
  custom:audio-encoder-webm-vorbis: bf7c407c2cedff20999df2af8eb42d56 -> 
========================================================================
Received Prepare
Registering precompiled user dll's ...
Registered in 0.001237 seconds.
Begin MonoManager ReloadAssembly
Native extension for WindowsStandalone target not found
Native extension for WebGL target not found
Refreshing native plugins compatible for Editor in 0.32 ms, found 3 plugins.
Preloading 0 native plugins for Editor in 0.00 ms.
Mono: successfully reloaded assembly
- Completed reload, in  0.628 seconds
Domain Reload Profiling:
	ReloadAssembly (629ms)
		BeginReloadAssembly (77ms)
			ExecutionOrderSort (0ms)
			DisableScriptedObjects (4ms)
			BackupInstance (0ms)
			ReleaseScriptingObjects (0ms)
			CreateAndSetChildDomain (24ms)
		EndReloadAssembly (510ms)
			LoadAssemblies (62ms)
			RebuildTransferFunctionScriptingTraits (0ms)
			SetupTypeCache (172ms)
			ReleaseScriptCaches (1ms)
			RebuildScriptCaches (26ms)
			SetupLoadedEditorAssemblies (199ms)
				LogAssemblyErrors (0ms)
				InitializePlatformSupportModulesInManaged (4ms)
				SetLoadedEditorAssemblies (0ms)
				RefreshPlugins (0ms)
				BeforeProcessingInitializeOnLoad (51ms)
				ProcessInitializeOnLoadAttributes (133ms)
				ProcessInitializeOnLoadMethodAttributes (7ms)
				AfterProcessingInitializeOnLoad (3ms)
				EditorAssembliesLoaded (0ms)
			ExecutionOrderSort2 (0ms)
			AwakeInstancesAfterBackupRestoration (2ms)
Platform modules already initialized, skipping
Refreshing native plugins compatible for Editor in 0.37 ms, found 3 plugins.
Preloading 0 native plugins for Editor in 0.00 ms.
Unloading 2013 Unused Serialized files (Serialized files now loaded: 0)
System memory in use before: 95.9 MB.
System memory in use after: 96.0 MB.

Unloading 16 unused Assets to reduce memory usage. Loaded Objects now: 2489.
Total: 2.038500 ms (FindLiveObjects: 0.107900 ms CreateObjectMapping: 0.038500 ms MarkObjects: 1.803000 ms  DeleteObjects: 0.088200 ms)

AssetImportParameters requested are different than current active one (requested -> active):
  custom:framework-win-MediaFoundation: 216162199b28c13a410421893ffa2e32 -> 
  custom:video-decoder-ogg-theora: a1e56fd34408186e4bbccfd4996cb3dc -> 
  custom:container-muxer-webm: aa71ff27fc2769a1b78a27578f13a17b -> 
  custom:container-demuxer-webm: 4f35f7cbe854078d1ac9338744f61a02 -> 
  custom:container-demuxer-ogg: 62fdf1f143b41e24485cea50d1cbac27 -> 
  custom:video-encoder-webm-vp8: eb34c28f22e8b96e1ab97ce403110664 -> 
  custom:video-decoder-webm-vp8: 9c59270c3fd7afecdb556c50c9e8de78 -> 
  custom:audio-decoder-ogg-vorbis: bf7c407c2cedff20999df2af8eb42d56 -> 
  custom:audio-encoder-webm-vorbis: bf7c407c2cedff20999df2af8eb42d56 -> 
========================================================================
Received Prepare
Registering precompiled user dll's ...
Registered in 0.001323 seconds.
Begin MonoManager ReloadAssembly
Native extension for WindowsStandalone target not found
Native extension for WebGL target not found
Refreshing native plugins compatible for Editor in 0.38 ms, found 3 plugins.
Preloading 0 native plugins for Editor in 0.00 ms.
Mono: successfully reloaded assembly
- Completed reload, in  0.626 seconds
Domain Reload Profiling:
	ReloadAssembly (627ms)
		BeginReloadAssembly (77ms)
			ExecutionOrderSort (0ms)
			DisableScriptedObjects (5ms)
			BackupInstance (0ms)
			ReleaseScriptingObjects (0ms)
			CreateAndSetChildDomain (24ms)
		EndReloadAssembly (511ms)
			LoadAssemblies (57ms)
			RebuildTransferFunctionScriptingTraits (0ms)
			SetupTypeCache (170ms)
			ReleaseScriptCaches (1ms)
			RebuildScriptCaches (26ms)
			SetupLoadedEditorAssemblies (203ms)
				LogAssemblyErrors (0ms)
				InitializePlatformSupportModulesInManaged (3ms)
				SetLoadedEditorAssemblies (0ms)
				RefreshPlugins (0ms)
				BeforeProcessingInitializeOnLoad (53ms)
				ProcessInitializeOnLoadAttributes (136ms)
				ProcessInitializeOnLoadMethodAttributes (7ms)
				AfterProcessingInitializeOnLoad (3ms)
				EditorAssembliesLoaded (0ms)
			ExecutionOrderSort2 (0ms)
			AwakeInstancesAfterBackupRestoration (2ms)
Platform modules already initialized, skipping
Refreshing native plugins compatible for Editor in 0.34 ms, found 3 plugins.
Preloading 0 native plugins for Editor in 0.00 ms.
Unloading 2013 Unused Serialized files (Serialized files now loaded: 0)
System memory in use before: 95.9 MB.
System memory in use after: 96.0 MB.

Unloading 16 unused Assets to reduce memory usage. Loaded Objects now: 2492.
Total: 2.181600 ms (FindLiveObjects: 0.118400 ms CreateObjectMapping: 0.039800 ms MarkObjects: 1.942500 ms  DeleteObjects: 0.080400 ms)

AssetImportParameters requested are different than current active one (requested -> active):
  custom:framework-win-MediaFoundation: 216162199b28c13a410421893ffa2e32 -> 
  custom:video-decoder-ogg-theora: a1e56fd34408186e4bbccfd4996cb3dc -> 
  custom:container-muxer-webm: aa71ff27fc2769a1b78a27578f13a17b -> 
  custom:container-demuxer-webm: 4f35f7cbe854078d1ac9338744f61a02 -> 
  custom:container-demuxer-ogg: 62fdf1f143b41e24485cea50d1cbac27 -> 
  custom:video-encoder-webm-vp8: eb34c28f22e8b96e1ab97ce403110664 -> 
  custom:video-decoder-webm-vp8: 9c59270c3fd7afecdb556c50c9e8de78 -> 
  custom:audio-decoder-ogg-vorbis: bf7c407c2cedff20999df2af8eb42d56 -> 
  custom:audio-encoder-webm-vorbis: bf7c407c2cedff20999df2af8eb42d56 -> 
AssetImportWorkerClient::OnTransportError - code=2 error=End of file
